Change Component Designator: Old Designator=C2 New Designator=C12
Change Component Designator: Old Designator=C3 New Designator=C2
Change Component Designator: Old Designator=C4 New Designator=C3
Change Component Designator: Old Designator=C5 New Designator=C11
Change Component Designator: Old Designator=C7 New Designator=C19
Change Component Designator: Old Designator=C8 New Designator=C9
Change Component Designator: Old Designator=C9 New Designator=C10
Change Component Designator: Old Designator=C10 New Designator=C13
Change Component Designator: Old Designator=C11 New Designator=C16
Change Component Designator: Old Designator=C12 New Designator=C17
Change Component Designator: Old Designator=C13 New Designator=C18
Change Component Designator: Old Designator=C? New Designator=C4
Change Component Designator: Old Designator=C? New Designator=C5
Change Component Designator: Old Designator=C? New Designator=C7
Change Component Designator: Old Designator=C? New Designator=C8
Change Component Designator: Old Designator=C? New Designator=C14
Change Component Designator: Old Designator=C? New Designator=C15
Change Component Designator: Old Designator=C? New Designator=C20
Change Component Designator: Old Designator=CR? New Designator=CR1
Change Component Designator: Old Designator=J3 New Designator=J1
Change Component Designator: Old Designator=U1 New Designator=U5
Change Component Part ID : Designator=U5 Old Part ID =1 New Part ID =4
Change Component Designator: Old Designator=U1 New Designator=U5
Change Component Part ID : Designator=U1 Old Part ID =3 New Part ID =4
Change Component Part ID : Designator=U1 Old Part ID =4 New Part ID =1
Change Component Designator: Old Designator=U2 New Designator=U6
Change Component Designator: Old Designator=U3 New Designator=U2
Change Component Designator: Old Designator=U4 New Designator=U5
Change Component Designator: Old Designator=U4 New Designator=U1
Change Component Part ID : Designator=U1 Old Part ID =2 New Part ID =3
Change Component Designator: Old Designator=U4 New Designator=U1
Change Component Part ID : Designator=U1 Old Part ID =3 New Part ID =2
Change Component Designator: Old Designator=U4 New Designator=U5
Change Component Part ID : Designator=U5 Old Part ID =4 New Part ID =3
Change Component Designator: Old Designator=U? New Designator=U3
Change Component Designator: Old Designator=U? New Designator=U4
