Removed Pin From Net: NetName=NetU1_1 Pin=U1-1
Removed Pin From Net: NetName=NetU1_1 Pin=U1-2
Removed Pin From Net: NetName=NetC1_1 Pin=U1-3
Removed Pin From Net: NetName=NetC13_2 Pin=U1-5
Removed Pin From Net: NetName=VFO Pin=U1-6
Removed Pin From Net: NetName=VFO Pin=U1-7
Removed Pin From Net: NetName=NetC12_1 Pin=U1-8
Removed Pin From Net: NetName=NetC12_2 Pin=U1-9
Removed Pin From Net: NetName=GND Pin=U1-10
Removed Pin From Net: NetName=NetC9_1 Pin=U1-12
Removed Pin From Net: NetName=NetR8_1 Pin=U1-13
Removed Pin From Net: NetName=NetR8_1 Pin=U1-14
Added Pin To Net: NetName=VFO Pin=U1-1
Added Pin To Net: NetName=VFO Pin=U1-2
Added Pin To Net: NetName=NetC13_2 Pin=U1-3
Added Pin To Net: NetName=GND Pin=U1-5
Added Pin To Net: NetName=NetC12_2 Pin=U1-6
Added Pin To Net: NetName=NetC12_1 Pin=U1-7
Added Pin To Net: NetName=NetR8_1 Pin=U1-8
Added Pin To Net: NetName=NetR8_1 Pin=U1-9
Added Pin To Net: NetName=NetC9_1 Pin=U1-10
Added Pin To Net: NetName=NetC1_1 Pin=U1-12
Added Pin To Net: NetName=NetU1_1 Pin=U1-13
Added Pin To Net: NetName=NetU1_1 Pin=U1-14
Change Net Name : Old Net Name=NetU1_1 New Net Name=NetU1_13
