Removed Pin From Net: NetName=NetU4_1 Pin=U5-1
Removed Pin From Net: NetName=NetU4_1 Pin=U5-2
Removed Pin From Net: NetName=NetC12_1 Pin=U5-3
Removed Pin From Net: NetName=NetC15_1 Pin=U5-5
Removed Pin From Net: NetName=NetR2_1 Pin=U5-6
Removed Pin From Net: NetName=NetR2_1 Pin=U5-7
Removed Pin From Net: NetName=VFO Pin=U5-8
Removed Pin From Net: NetName=VFO Pin=U5-9
Removed Pin From Net: NetName=NetC16_2 Pin=U5-10
Removed Pin From Net: NetName=GND Pin=U5-12
Removed Pin From Net: NetName=NetC11_2 Pin=U5-13
Removed Pin From Net: NetName=NetC11_1 Pin=U5-14
Removed Pin From Net: NetName=VOUT Pin=U6-1
Removed Pin From Net: NetName=NetR9_1 Pin=U6-2
Removed Pin From Net: NetName=NetR16_2 Pin=U6-3
Removed Pin From Net: NetName=NetP3_1 Pin=U6-5
Removed Pin From Net: NetName=NetR12_1 Pin=U6-6
Removed Pin From Net: NetName=NetR12_1 Pin=U6-7
Removed Pin From Net: NetName=VDAC Pin=U6-8
Removed Pin From Net: NetName=VDAC Pin=U6-9
Removed Pin From Net: NetName=NetC20_2 Pin=U6-10
Removed Pin From Net: NetName=GND Pin=U6-12
Removed Pin From Net: NetName=NetC18_2 Pin=U6-13
Removed Pin From Net: NetName=NetC18_1 Pin=U6-14
Added Pin To Net: NetName=VFO Pin=U5-1
Added Pin To Net: NetName=VFO Pin=U5-2
Added Pin To Net: NetName=NetC16_2 Pin=U5-3
Added Pin To Net: NetName=GND Pin=U5-5
Added Pin To Net: NetName=NetC11_2 Pin=U5-6
Added Pin To Net: NetName=NetC11_1 Pin=U5-7
Added Pin To Net: NetName=NetR2_1 Pin=U5-8
Added Pin To Net: NetName=NetR2_1 Pin=U5-9
Added Pin To Net: NetName=NetC15_1 Pin=U5-10
Added Pin To Net: NetName=NetC12_1 Pin=U5-12
Added Pin To Net: NetName=NetU4_1 Pin=U5-13
Added Pin To Net: NetName=NetU4_1 Pin=U5-14
Added Pin To Net: NetName=VDAC Pin=U6-1
Added Pin To Net: NetName=VDAC Pin=U6-2
Added Pin To Net: NetName=NetC20_2 Pin=U6-3
Added Pin To Net: NetName=GND Pin=U6-5
Added Pin To Net: NetName=NetC18_2 Pin=U6-6
Added Pin To Net: NetName=NetC18_1 Pin=U6-7
Added Pin To Net: NetName=NetR12_1 Pin=U6-8
Added Pin To Net: NetName=NetR12_1 Pin=U6-9
Added Pin To Net: NetName=NetP3_1 Pin=U6-10
Added Pin To Net: NetName=NetR16_2 Pin=U6-12
Added Pin To Net: NetName=NetR9_1 Pin=U6-13
Added Pin To Net: NetName=VOUT Pin=U6-14
