Added Component: Designator=C1(CAPPR5-5x5)
Added Component: Designator=C2(CAPPR5-5x5)
Added Component: Designator=C3(CAPPR5-5x5)
Added Component: Designator=C4(VP45-3.2)
Added Component: Designator=C5(VP45-3.2)
Added Component: Designator=C6(VP45-3.2)
Added Component: Designator=C7(VP45-3.2)
Added Component: Designator=C8(CAPPR5-5x5)
Added Component: Designator=C9(VP45-3.2)
Added Component: Designator=C10(VP45-3.2)
Added Component: Designator=C11(VP45-3.2)
Added Component: Designator=C12(VP45-3.2)
Added Component: Designator=C13(VP45-3.2)
Added Component: Designator=J1(MCX5.08-H5)
Added Component: Designator=P1(HDR1X3)
Added Component: Designator=P2(HDR1X2)
Added Component: Designator=P3(HDR1X2)
Added Component: Designator=R1(AXIAL-0.3)
Added Component: Designator=R2(AXIAL-0.3)
Added Component: Designator=R3(AXIAL-0.3)
Added Component: Designator=R4(AXIAL-0.3)
Added Component: Designator=R5(AXIAL-0.3)
Added Component: Designator=R6(AXIAL-0.3)
Added Component: Designator=R7(AXIAL-0.3)
Added Component: Designator=R8(AXIAL-0.3)
Added Component: Designator=R9(AXIAL-0.3)
Added Component: Designator=R10(VR5)
Added Component: Designator=R11(AXIAL-0.3)
Added Component: Designator=R12(AXIAL-0.3)
Added Component: Designator=R13(AXIAL-0.3)
Added Component: Designator=R14(VR5)
Added Component: Designator=R15(AXIAL-0.3)
Added Component: Designator=R16(AXIAL-0.3)
Added Component: Designator=R17(AXIAL-0.3)
Added Component: Designator=U1(BCY-W3/W)
Added Component: Designator=U2(P008)
Added Component: Designator=U3(DIP14)
Added Component: Designator=U4(DIP14)
Added Pin To Net: NetName=+5V Pin=C2-1
Added Pin To Net: NetName=+5V Pin=U1-1
Added Pin To Net: NetName=+5V Pin=U2-5
Added Pin To Net: NetName=+5V Pin=U2-6
Added Net: Name=+5V
Added Pin To Net: NetName=+12V Pin=C1-1
Added Pin To Net: NetName=+12V Pin=P1-1
Added Pin To Net: NetName=+12V Pin=U1-3
Added Pin To Net: NetName=+12V Pin=U3-4
Added Pin To Net: NetName=+12V Pin=U4-4
Added Net: Name=+12V
Added Pin To Net: NetName=-12V Pin=C3-2
Added Pin To Net: NetName=-12V Pin=P1-3
Added Pin To Net: NetName=-12V Pin=U3-11
Added Pin To Net: NetName=-12V Pin=U4-11
Added Net: Name=-12V
Added Pin To Net: NetName=GND Pin=C1-2
Added Pin To Net: NetName=GND Pin=C2-2
Added Pin To Net: NetName=GND Pin=C3-1
Added Pin To Net: NetName=GND Pin=C6-1
Added Pin To Net: NetName=GND Pin=C7-2
Added Pin To Net: NetName=GND Pin=C8-2
Added Pin To Net: NetName=GND Pin=C9-1
Added Pin To Net: NetName=GND Pin=C10-1
Added Pin To Net: NetName=GND Pin=C12-2
Added Pin To Net: NetName=GND Pin=C13-1
Added Pin To Net: NetName=GND Pin=J1-2
Added Pin To Net: NetName=GND Pin=J1-3
Added Pin To Net: NetName=GND Pin=J1-4
Added Pin To Net: NetName=GND Pin=J1-5
Added Pin To Net: NetName=GND Pin=P1-2
Added Pin To Net: NetName=GND Pin=P2-2
Added Pin To Net: NetName=GND Pin=P3-2
Added Pin To Net: NetName=GND Pin=R4-1
Added Pin To Net: NetName=GND Pin=R6-1
Added Pin To Net: NetName=GND Pin=R7-1
Added Pin To Net: NetName=GND Pin=R16-1
Added Pin To Net: NetName=GND Pin=U1-2
Added Pin To Net: NetName=GND Pin=U2-8
Added Pin To Net: NetName=GND Pin=U3-12
Added Pin To Net: NetName=GND Pin=U4-12
Added Net: Name=GND
Added Pin To Net: NetName=NetC4_1 Pin=C4-1
Added Pin To Net: NetName=NetC4_1 Pin=R1-2
Added Pin To Net: NetName=NetC4_1 Pin=R5-1
Added Pin To Net: NetName=NetC4_1 Pin=U3-14
Added Net: Name=NetC4_1
Added Pin To Net: NetName=NetC4_2 Pin=C4-2
Added Pin To Net: NetName=NetC4_2 Pin=R3-2
Added Pin To Net: NetName=NetC4_2 Pin=U3-13
Added Net: Name=NetC4_2
Added Pin To Net: NetName=NetC5_1 Pin=C5-1
Added Pin To Net: NetName=NetC5_1 Pin=R4-2
Added Pin To Net: NetName=NetC5_1 Pin=U3-3
Added Net: Name=NetC5_1
Added Pin To Net: NetName=NetC5_2 Pin=C5-2
Added Pin To Net: NetName=NetC5_2 Pin=P2-1
Added Net: Name=NetC5_2
Added Pin To Net: NetName=NetC6_2 Pin=C6-2
Added Pin To Net: NetName=NetC6_2 Pin=U2-2
Added Net: Name=NetC6_2
Added Pin To Net: NetName=NetC7_1 Pin=C7-1
Added Pin To Net: NetName=NetC7_1 Pin=R1-1
Added Pin To Net: NetName=NetC7_1 Pin=R2-2
Added Pin To Net: NetName=NetC7_1 Pin=R3-1
Added Net: Name=NetC7_1
Added Pin To Net: NetName=NetC8_1 Pin=C8-1
Added Pin To Net: NetName=NetC8_1 Pin=R6-2
Added Pin To Net: NetName=NetC8_1 Pin=U2-4
Added Pin To Net: NetName=NetC8_1 Pin=U2-7
Added Pin To Net: NetName=NetC8_1 Pin=U3-5
Added Net: Name=NetC8_1
Added Pin To Net: NetName=NetC9_2 Pin=C9-2
Added Pin To Net: NetName=NetC9_2 Pin=R5-2
Added Pin To Net: NetName=NetC9_2 Pin=U3-10
Added Net: Name=NetC9_2
Added Pin To Net: NetName=NetC10_2 Pin=C10-2
Added Pin To Net: NetName=NetC10_2 Pin=R7-2
Added Pin To Net: NetName=NetC10_2 Pin=U2-3
Added Net: Name=NetC10_2
Added Pin To Net: NetName=NetC11_1 Pin=C11-1
Added Pin To Net: NetName=NetC11_1 Pin=R8-2
Added Pin To Net: NetName=NetC11_1 Pin=R17-1
Added Pin To Net: NetName=NetC11_1 Pin=U4-14
Added Net: Name=NetC11_1
Added Pin To Net: NetName=NetC11_2 Pin=C11-2
Added Pin To Net: NetName=NetC11_2 Pin=R13-2
Added Pin To Net: NetName=NetC11_2 Pin=U4-13
Added Net: Name=NetC11_2
Added Pin To Net: NetName=NetC12_1 Pin=C12-1
Added Pin To Net: NetName=NetC12_1 Pin=R8-1
Added Pin To Net: NetName=NetC12_1 Pin=R12-2
Added Pin To Net: NetName=NetC12_1 Pin=R13-1
Added Net: Name=NetC12_1
Added Pin To Net: NetName=NetC13_2 Pin=C13-2
Added Pin To Net: NetName=NetC13_2 Pin=R17-2
Added Pin To Net: NetName=NetC13_2 Pin=U4-10
Added Net: Name=NetC13_2
Added Pin To Net: NetName=NetP3_1 Pin=P3-1
Added Pin To Net: NetName=NetP3_1 Pin=U4-5
Added Net: Name=NetP3_1
Added Pin To Net: NetName=NetR2_1 Pin=R2-1
Added Pin To Net: NetName=NetR2_1 Pin=U3-6
Added Pin To Net: NetName=NetR2_1 Pin=U3-7
Added Net: Name=NetR2_1
Added Pin To Net: NetName=NetR9_1 Pin=R9-1
Added Pin To Net: NetName=NetR9_1 Pin=R11-2
Added Pin To Net: NetName=NetR9_1 Pin=R15-2
Added Pin To Net: NetName=NetR9_1 Pin=U4-2
Added Net: Name=NetR9_1
Added Pin To Net: NetName=NetR10_2 Pin=R10-2
Added Pin To Net: NetName=NetR10_2 Pin=R11-1
Added Net: Name=NetR10_2
Added Pin To Net: NetName=NetR12_1 Pin=R12-1
Added Pin To Net: NetName=NetR12_1 Pin=U4-6
Added Pin To Net: NetName=NetR12_1 Pin=U4-7
Added Net: Name=NetR12_1
Added Pin To Net: NetName=NetR14_2 Pin=R14-2
Added Pin To Net: NetName=NetR14_2 Pin=R15-1
Added Net: Name=NetR14_2
Added Pin To Net: NetName=NetR16_2 Pin=R16-2
Added Pin To Net: NetName=NetR16_2 Pin=U4-3
Added Net: Name=NetR16_2
Added Pin To Net: NetName=NetU2_1 Pin=U2-1
Added Pin To Net: NetName=NetU2_1 Pin=U3-1
Added Pin To Net: NetName=NetU2_1 Pin=U3-2
Added Net: Name=NetU2_1
Added Pin To Net: NetName=VDAC Pin=R14-1
Added Pin To Net: NetName=VDAC Pin=R14-3
Added Pin To Net: NetName=VDAC Pin=U4-8
Added Pin To Net: NetName=VDAC Pin=U4-9
Added Net: Name=VDAC
Added Pin To Net: NetName=VFO Pin=R10-1
Added Pin To Net: NetName=VFO Pin=R10-3
Added Pin To Net: NetName=VFO Pin=U3-8
Added Pin To Net: NetName=VFO Pin=U3-9
Added Net: Name=VFO
Added Pin To Net: NetName=VOUT Pin=J1-1
Added Pin To Net: NetName=VOUT Pin=R9-2
Added Pin To Net: NetName=VOUT Pin=U4-1
Added Net: Name=VOUT
Added Class: Name=esquematico
Added Room: Name=esquematico
