Removed Pin From Net: NetName=NetP3_1 Pin=U1-5
Removed Pin From Net: NetName=NetR2_1 Pin=U1-6
Removed Pin From Net: NetName=NetR2_1 Pin=U1-7
Removed Pin From Net: NetName=NetC8_1 Pin=U1-8
Removed Pin From Net: NetName=NetC8_2 Pin=U1-9
Removed Pin From Net: NetName=VDAC Pin=U4-1
Removed Pin From Net: NetName=VDAC Pin=U4-2
Removed Pin From Net: NetName=NetC10_2 Pin=U4-3
Removed Pin From Net: NetName=GND Pin=U4-5
Removed Pin From Net: NetName=NetC12_2 Pin=U4-6
Removed Pin From Net: NetName=NetC12_1 Pin=U4-7
Removed Pin From Net: NetName=VOUT Pin=U4-8
Removed Pin From Net: NetName=NetR13_2 Pin=U4-9
Removed Pin From Net: NetName=NetR16_2 Pin=U4-10
Removed Pin From Net: NetName=NetC13_2 Pin=U4-12
Removed Pin From Net: NetName=VFO Pin=U4-13
Removed Pin From Net: NetName=VFO Pin=U4-14
Added Pin To Net: NetName=NetC13_2 Pin=U1-5
Added Pin To Net: NetName=VFO Pin=U1-6
Added Pin To Net: NetName=VFO Pin=U1-7
Added Pin To Net: NetName=NetC12_1 Pin=U1-8
Added Pin To Net: NetName=NetC12_2 Pin=U1-9
Added Pin To Net: NetName=NetR2_1 Pin=U4-1
Added Pin To Net: NetName=NetR2_1 Pin=U4-2
Added Pin To Net: NetName=NetP3_1 Pin=U4-3
Added Pin To Net: NetName=NetR16_2 Pin=U4-5
Added Pin To Net: NetName=NetR13_2 Pin=U4-6
Added Pin To Net: NetName=VOUT Pin=U4-7
Added Pin To Net: NetName=VDAC Pin=U4-8
Added Pin To Net: NetName=VDAC Pin=U4-9
Added Pin To Net: NetName=NetC10_2 Pin=U4-10
Added Pin To Net: NetName=GND Pin=U4-12
Added Pin To Net: NetName=NetC8_2 Pin=U4-13
Added Pin To Net: NetName=NetC8_1 Pin=U4-14
Added Member To Class: ClassName=esquematico Member=Component J3 COAX-F
