Removed Pin From Net: NetName=NetU1_1 Pin=U1-1
Removed Pin From Net: NetName=NetU1_1 Pin=U1-2
Removed Pin From Net: NetName=NetC1_1 Pin=U1-3
Removed Pin From Net: NetName=NetP3_1 Pin=U1-5
Removed Pin From Net: NetName=NetR2_1 Pin=U1-6
Removed Pin From Net: NetName=NetR2_1 Pin=U1-7
Removed Pin From Net: NetName=NetC9_1 Pin=U1-8
Removed Pin From Net: NetName=NetC9_2 Pin=U1-9
Removed Pin From Net: NetName=NetC10_1 Pin=U1-12
Removed Pin From Net: NetName=NetR8_1 Pin=U1-13
Removed Pin From Net: NetName=NetR8_1 Pin=U1-14
Removed Pin From Net: NetName=VDAC Pin=U5-1
Removed Pin From Net: NetName=VDAC Pin=U5-2
Removed Pin From Net: NetName=NetC13_2 Pin=U5-3
Removed Pin From Net: NetName=+12V Pin=U5-4
Removed Pin From Net: NetName=GND Pin=U5-5
Removed Pin From Net: NetName=NetC17_2 Pin=U5-6
Removed Pin From Net: NetName=NetC17_1 Pin=U5-7
Removed Pin From Net: NetName=VOUT Pin=U5-8
Removed Pin From Net: NetName=NetR13_2 Pin=U5-9
Removed Pin From Net: NetName=NetR16_2 Pin=U5-10
Removed Pin From Net: NetName=-12V Pin=U5-11
Removed Pin From Net: NetName=NetC18_2 Pin=U5-12
Removed Pin From Net: NetName=VFO Pin=U5-13
Removed Pin From Net: NetName=VFO Pin=U5-14
Added Component: Designator=U5(DIP14)
Added Pin To Net: NetName=VFO Pin=U1-1
Added Pin To Net: NetName=VFO Pin=U1-2
Added Pin To Net: NetName=NetC18_2 Pin=U1-3
Added Pin To Net: NetName=NetC10_1 Pin=U1-5
Added Pin To Net: NetName=NetR8_1 Pin=U1-6
Added Pin To Net: NetName=NetR8_1 Pin=U1-7
Added Pin To Net: NetName=NetC17_1 Pin=U1-8
Added Pin To Net: NetName=NetC17_2 Pin=U1-9
Added Pin To Net: NetName=NetC1_1 Pin=U1-12
Added Pin To Net: NetName=NetU1_1 Pin=U1-13
Added Pin To Net: NetName=NetU1_1 Pin=U1-14
Added Pin To Net: NetName=VDAC Pin=U5-1
Added Pin To Net: NetName=VDAC Pin=U5-2
Added Pin To Net: NetName=NetC13_2 Pin=U5-3
Added Pin To Net: NetName=+12V Pin=U5-4
Added Pin To Net: NetName=GND Pin=U5-5
Added Pin To Net: NetName=NetC9_2 Pin=U5-6
Added Pin To Net: NetName=NetC9_1 Pin=U5-7
Added Pin To Net: NetName=NetR2_1 Pin=U5-8
Added Pin To Net: NetName=NetR2_1 Pin=U5-9
Added Pin To Net: NetName=NetP3_1 Pin=U5-10
Added Pin To Net: NetName=-12V Pin=U5-11
Added Pin To Net: NetName=NetR16_2 Pin=U5-12
Added Pin To Net: NetName=NetR13_2 Pin=U5-13
Added Pin To Net: NetName=VOUT Pin=U5-14
Change Net Name : Old Net Name=NetU1_1 New Net Name=NetU1_13
Added Member To Class: ClassName=esquematico Member=Component C4 Cap Pol1
Added Member To Class: ClassName=esquematico Member=Component C9 Cap
Added Member To Class: ClassName=esquematico Member=Component C11 Cap Pol1
Added Member To Class: ClassName=esquematico Member=Component U3 MC78L12ACP
